<?xml version="1.0" encoding="utf-8"?><testsuites name="pytest tests"><testsuite name="pytest" errors="0" failures="0" skipped="0" tests="9" time="1.460" timestamp="2026-06-26T08:40:00.352277+00:00" hostname="agent-env-0ce85e02-0ddf-424f-99dd-70ace809c975"><testcase classname="tests.backend_test.TestRoot" name="test_root_returns_message" time="0.170" /><testcase classname="tests.backend_test.TestContact" name="test_create_contact_valid" time="0.144" /><testcase classname="tests.backend_test.TestContact" name="test_create_contact_invalid_email" time="0.091" /><testcase classname="tests.backend_test.TestContact" name="test_create_contact_missing_fields" time="0.097" /><testcase classname="tests.backend_test.TestAdminAuth" name="test_list_messages_wrong_key" time="0.123" /><testcase classname="tests.backend_test.TestAdminAuth" name="test_list_messages_no_key" time="0.089" /><testcase classname="tests.backend_test.TestAdminAuth" name="test_list_messages_valid_key" time="0.098" /><testcase classname="tests.backend_test.TestAdminMutations" name="test_mark_read_and_delete_flow" time="0.386" /><testcase classname="tests.backend_test.TestCV" name="test_cv_download_reachable" time="0.198" /></testsuite></testsuites>